\BOOKMARK [0][]{bookmark.0.cover.0}{Cover page}{}% 1
\BOOKMARK [0][]{chapter*.1}{Abbreviations and Acronyms}{}% 2
\BOOKMARK [0][]{bookmark.0.contents.0}{Contents}{}% 3
\BOOKMARK [0][]{chapter.1}{1 Introduction}{}% 4
\BOOKMARK [1][-]{section.1.1}{1.1 Problem statement}{chapter.1}% 5
\BOOKMARK [1][-]{section.1.2}{1.2 Structure of the Thesis}{chapter.1}% 6
\BOOKMARK [0][]{chapter.2}{2 Payment terminal acceptance testing}{}% 7
\BOOKMARK [1][-]{section.2.1}{2.1 Benefits of Open Source solutions}{chapter.2}% 8
\BOOKMARK [1][-]{section.2.2}{2.2 Common characteristics between payment terminals}{chapter.2}% 9
\BOOKMARK [1][-]{section.2.3}{2.3 Different approaches for test automation}{chapter.2}% 10
\BOOKMARK [1][-]{section.2.4}{2.4 Test suite syntax}{chapter.2}% 11
\BOOKMARK [0][]{chapter.3}{3 Proposed architecture}{}% 12
\BOOKMARK [1][-]{section.3.1}{3.1 Overview}{chapter.3}% 13
\BOOKMARK [1][-]{section.3.2}{3.2 Hardware}{chapter.3}% 14
\BOOKMARK [1][-]{section.3.3}{3.3 Software}{chapter.3}% 15
\BOOKMARK [0][]{chapter.4}{4 Methods}{}% 16
\BOOKMARK [0][]{chapter.5}{5 Implementation}{}% 17
\BOOKMARK [0][]{chapter.6}{6 Evaluation}{}% 18
\BOOKMARK [0][]{chapter.7}{7 Discussion}{}% 19
\BOOKMARK [0][]{chapter.8}{8 Conclusions}{}% 20
\BOOKMARK [0][]{chapter*.4}{Bibliography}{}% 21
\BOOKMARK [0][]{appendix.A}{A First appendix}{}% 22
